<component name="libraryTable">
  <library name="junit">
    <CLASSES>
      <root url="jar://$USER_HOME$/IdeaProjects/Artifacts/Libs/appengine-java-sdk-1.9.10/lib/testing/appengine-testing.jar!/" />
      <root url="jar://$USER_HOME$/IdeaProjects/Artifacts/Libs/junit-4.10.jar!/" />
      <root url="jar://$USER_HOME$/IdeaProjects/Artifacts/Libs/mockito/mockito-all-1.9.5.jar!/" />
    </CLASSES>
    <JAVADOC />
    <SOURCES>
      <root url="jar://$USER_HOME$/IdeaProjects/Artifacts/Libs/appengine-java-sdk-1.9.10/lib/testing/appengine-testing.jar!/com/google/appengine/repackaged/com/google/common/base/super" />
      <root url="jar://$USER_HOME$/IdeaProjects/Artifacts/Libs/mockito/mockito-all-1.9.5.jar!/" />
    </SOURCES>
  </library>
</component>